{"E:\\Clouds\\express-postgresql-api\\config\\config.js": {"path":"E:\\Clouds\\express-postgresql-api\\config\\config.js","statementMap":{"0":{"start":{"line":13,"column":4},"end":{"line":13,"column":15}},"1":{"start":{"line":15,"column":0},"end":{"line":19,"column":2}}},"fnMap":{},"branchMap":{},"s":{"0":1,"1":1},"f":{},"b":{},"_coverageSchema":"1a1c01bbd47fc00a2c39e90264f33305004495a9","hash":"e320d3d8b78e6966486c9fccdedda040f51ce1af"}
,"E:\\Clouds\\express-postgresql-api\\config\\database.config.js": {"path":"E:\\Clouds\\express-postgresql-api\\config\\database.config.js","statementMap":{"0":{"start":{"line":11,"column":4},"end":{"line":11,"column":15}},"1":{"start":{"line":13,"column":0},"end":{"line":15,"column":2}}},"fnMap":{},"branchMap":{},"s":{"0":4,"1":4},"f":{},"b":{},"_coverageSchema":"1a1c01bbd47fc00a2c39e90264f33305004495a9","hash":"4ec4e85dd32704f45b4ffbff194a8d92f075821b"}
,"E:\\Clouds\\express-postgresql-api\\config\\jwt.config.js": {"path":"E:\\Clouds\\express-postgresql-api\\config\\jwt.config.js","statementMap":{"0":{"start":{"line":13,"column":4},"end":{"line":13,"column":15}},"1":{"start":{"line":15,"column":0},"end":{"line":19,"column":2}}},"fnMap":{},"branchMap":{},"s":{"0":2,"1":2},"f":{},"b":{},"_coverageSchema":"1a1c01bbd47fc00a2c39e90264f33305004495a9","hash":"bcf2ef14514627358d978a89c9de93cb67db6593"}
,"E:\\Clouds\\express-postgresql-api\\config\\mail.config.js": {"path":"E:\\Clouds\\express-postgresql-api\\config\\mail.config.js","statementMap":{"0":{"start":{"line":14,"column":4},"end":{"line":14,"column":15}},"1":{"start":{"line":16,"column":0},"end":{"line":21,"column":2}}},"fnMap":{},"branchMap":{},"s":{"0":2,"1":2},"f":{},"b":{},"_coverageSchema":"1a1c01bbd47fc00a2c39e90264f33305004495a9","hash":"af2fc6ade618c9b699dd54d9bcb8c6858f015334"}
,"E:\\Clouds\\express-postgresql-api\\controllers\\auth.controller.js": {"path":"E:\\Clouds\\express-postgresql-api\\controllers\\auth.controller.js","statementMap":{"0":{"start":{"line":10,"column":15},"end":{"line":10,"column":32}},"1":{"start":{"line":11,"column":12},"end":{"line":11,"column":35}},"2":{"start":{"line":12,"column":13},"end":{"line":12,"column":28}},"3":{"start":{"line":13,"column":11},"end":{"line":13,"column":24}},"4":{"start":{"line":14,"column":11},"end":{"line":14,"column":31}},"5":{"start":{"line":15,"column":19},"end":{"line":15,"column":52}},"6":{"start":{"line":16,"column":15},"end":{"line":16,"column":44}},"7":{"start":{"line":17,"column":30},"end":{"line":17,"column":62}},"8":{"start":{"line":20,"column":23},"end":{"line":20,"column":62}},"9":{"start":{"line":21,"column":19},"end":{"line":21,"column":58}},"10":{"start":{"line":33,"column":0},"end":{"line":69,"column":2}},"11":{"start":{"line":34,"column":35},"end":{"line":34,"column":43}},"12":{"start":{"line":36,"column":4},"end":{"line":38,"column":5}},"13":{"start":{"line":37,"column":8},"end":{"line":37,"column":87}},"14":{"start":{"line":40,"column":4},"end":{"line":68,"column":5}},"15":{"start":{"line":42,"column":21},"end":{"line":42,"column":67}},"16":{"start":{"line":43,"column":8},"end":{"line":45,"column":9}},"17":{"start":{"line":44,"column":12},"end":{"line":44,"column":85}},"18":{"start":{"line":48,"column":24},"end":{"line":48,"column":69}},"19":{"start":{"line":49,"column":8},"end":{"line":51,"column":9}},"20":{"start":{"line":50,"column":12},"end":{"line":50,"column":85}},"21":{"start":{"line":54,"column":22},"end":{"line":58,"column":9}},"22":{"start":{"line":59,"column":8},"end":{"line":63,"column":11}},"23":{"start":{"line":64,"column":8},"end":{"line":64,"column":35}},"24":{"start":{"line":65,"column":8},"end":{"line":65,"column":40}},"25":{"start":{"line":67,"column":8},"end":{"line":67,"column":80}},"26":{"start":{"line":80,"column":0},"end":{"line":113,"column":2}},"27":{"start":{"line":81,"column":42},"end":{"line":81,"column":50}},"28":{"start":{"line":83,"column":4},"end":{"line":112,"column":5}},"29":{"start":{"line":85,"column":29},"end":{"line":85,"column":72}},"30":{"start":{"line":86,"column":8},"end":{"line":88,"column":9}},"31":{"start":{"line":87,"column":12},"end":{"line":87,"column":80}},"32":{"start":{"line":91,"column":31},"end":{"line":91,"column":62}},"33":{"start":{"line":94,"column":24},"end":{"line":100,"column":10}},"34":{"start":{"line":101,"column":8},"end":{"line":101,"column":70}},"35":{"start":{"line":102,"column":8},"end":{"line":102,"column":38}},"36":{"start":{"line":104,"column":34},"end":{"line":104,"column":124}},"37":{"start":{"line":105,"column":33},"end":{"line":105,"column":86}},"38":{"start":{"line":107,"column":8},"end":{"line":107,"column":61}},"39":{"start":{"line":109,"column":8},"end":{"line":109,"column":123}},"40":{"start":{"line":111,"column":8},"end":{"line":111,"column":89}},"41":{"start":{"line":124,"column":0},"end":{"line":153,"column":2}},"42":{"start":{"line":125,"column":22},"end":{"line":125,"column":30}},"43":{"start":{"line":127,"column":4},"end":{"line":152,"column":5}},"44":{"start":{"line":129,"column":21},"end":{"line":129,"column":64}},"45":{"start":{"line":130,"column":8},"end":{"line":132,"column":9}},"46":{"start":{"line":131,"column":12},"end":{"line":131,"column":71}},"47":{"start":{"line":135,"column":8},"end":{"line":137,"column":9}},"48":{"start":{"line":136,"column":12},"end":{"line":136,"column":81}},"49":{"start":{"line":138,"column":8},"end":{"line":138,"column":35}},"50":{"start":{"line":141,"column":34},"end":{"line":141,"column":118}},"51":{"start":{"line":144,"column":33},"end":{"line":144,"column":86}},"52":{"start":{"line":147,"column":8},"end":{"line":147,"column":61}},"53":{"start":{"line":149,"column":8},"end":{"line":149,"column":84}},"54":{"start":{"line":151,"column":8},"end":{"line":151,"column":89}},"55":{"start":{"line":164,"column":0},"end":{"line":185,"column":2}},"56":{"start":{"line":165,"column":22},"end":{"line":165,"column":32}},"57":{"start":{"line":167,"column":4},"end":{"line":184,"column":5}},"58":{"start":{"line":169,"column":24},"end":{"line":169,"column":60}},"59":{"start":{"line":172,"column":21},"end":{"line":172,"column":95}},"60":{"start":{"line":173,"column":8},"end":{"line":175,"column":9}},"61":{"start":{"line":174,"column":12},"end":{"line":174,"column":82}},"62":{"start":{"line":178,"column":8},"end":{"line":178,"column":34}},"63":{"start":{"line":179,"column":8},"end":{"line":179,"column":26}},"64":{"start":{"line":181,"column":8},"end":{"line":181,"column":72}},"65":{"start":{"line":183,"column":8},"end":{"line":183,"column":104}},"66":{"start":{"line":195,"column":0},"end":{"line":197,"column":2}},"67":{"start":{"line":196,"column":4},"end":{"line":196,"column":79}},"68":{"start":{"line":208,"column":0},"end":{"line":226,"column":2}},"69":{"start":{"line":209,"column":22},"end":{"line":209,"column":30}},"70":{"start":{"line":211,"column":4},"end":{"line":225,"column":5}},"71":{"start":{"line":212,"column":21},"end":{"line":212,"column":64}},"72":{"start":{"line":213,"column":8},"end":{"line":215,"column":9}},"73":{"start":{"line":214,"column":12},"end":{"line":214,"column":71}},"74":{"start":{"line":217,"column":22},"end":{"line":217,"column":112}},"75":{"start":{"line":219,"column":26},"end":{"line":219,"column":69}},"76":{"start":{"line":220,"column":8},"end":{"line":220,"column":136}},"77":{"start":{"line":222,"column":8},"end":{"line":222,"column":83}},"78":{"start":{"line":224,"column":8},"end":{"line":224,"column":89}},"79":{"start":{"line":237,"column":0},"end":{"line":256,"column":2}},"80":{"start":{"line":238,"column":35},"end":{"line":238,"column":43}},"81":{"start":{"line":240,"column":4},"end":{"line":255,"column":5}},"82":{"start":{"line":241,"column":24},"end":{"line":241,"column":60}},"83":{"start":{"line":243,"column":21},"end":{"line":243,"column":101}},"84":{"start":{"line":244,"column":8},"end":{"line":246,"column":9}},"85":{"start":{"line":245,"column":12},"end":{"line":245,"column":81}},"86":{"start":{"line":248,"column":31},"end":{"line":248,"column":65}},"87":{"start":{"line":249,"column":8},"end":{"line":249,"column":39}},"88":{"start":{"line":250,"column":8},"end":{"line":250,"column":26}},"89":{"start":{"line":252,"column":8},"end":{"line":252,"column":73}},"90":{"start":{"line":254,"column":8},"end":{"line":254,"column":92}},"91":{"start":{"line":266,"column":0},"end":{"line":275,"column":2}},"92":{"start":{"line":267,"column":4},"end":{"line":274,"column":5}},"93":{"start":{"line":268,"column":23},"end":{"line":268,"column":34}},"94":{"start":{"line":269,"column":22},"end":{"line":269,"column":61}},"95":{"start":{"line":270,"column":8},"end":{"line":270,"column":93}},"96":{"start":{"line":271,"column":8},"end":{"line":271,"column":69}},"97":{"start":{"line":273,"column":8},"end":{"line":273,"column":80}}},"fnMap":{"0":{"name":"(anonymous_0)","decl":{"start":{"line":33,"column":16},"end":{"line":33,"column":17}},"loc":{"start":{"line":33,"column":36},"end":{"line":69,"column":1}},"line":33},"1":{"name":"(anonymous_1)","decl":{"start":{"line":80,"column":17},"end":{"line":80,"column":18}},"loc":{"start":{"line":80,"column":37},"end":{"line":113,"column":1}},"line":80},"2":{"name":"(anonymous_2)","decl":{"start":{"line":124,"column":34},"end":{"line":124,"column":35}},"loc":{"start":{"line":124,"column":54},"end":{"line":153,"column":1}},"line":124},"3":{"name":"(anonymous_3)","decl":{"start":{"line":164,"column":23},"end":{"line":164,"column":24}},"loc":{"start":{"line":164,"column":43},"end":{"line":185,"column":1}},"line":164},"4":{"name":"(anonymous_4)","decl":{"start":{"line":195,"column":21},"end":{"line":195,"column":22}},"loc":{"start":{"line":195,"column":35},"end":{"line":197,"column":1}},"line":195},"5":{"name":"(anonymous_5)","decl":{"start":{"line":208,"column":25},"end":{"line":208,"column":26}},"loc":{"start":{"line":208,"column":45},"end":{"line":226,"column":1}},"line":208},"6":{"name":"(anonymous_6)","decl":{"start":{"line":237,"column":24},"end":{"line":237,"column":25}},"loc":{"start":{"line":237,"column":44},"end":{"line":256,"column":1}},"line":237},"7":{"name":"(anonymous_7)","decl":{"start":{"line":266,"column":17},"end":{"line":266,"column":18}},"loc":{"start":{"line":266,"column":37},"end":{"line":275,"column":1}},"line":266}},"branchMap":{"0":{"loc":{"start":{"line":36,"column":4},"end":{"line":38,"column":5}},"type":"if","locations":[{"start":{"line":36,"column":4},"end":{"line":38,"column":5}},{"start":{},"end":{}}],"line":36},"1":{"loc":{"start":{"line":36,"column":8},"end":{"line":36,"column":30}},"type":"binary-expr","locations":[{"start":{"line":36,"column":8},"end":{"line":36,"column":17}},{"start":{"line":36,"column":21},"end":{"line":36,"column":30}}],"line":36},"2":{"loc":{"start":{"line":43,"column":8},"end":{"line":45,"column":9}},"type":"if","locations":[{"start":{"line":43,"column":8},"end":{"line":45,"column":9}},{"start":{},"end":{}}],"line":43},"3":{"loc":{"start":{"line":49,"column":8},"end":{"line":51,"column":9}},"type":"if","locations":[{"start":{"line":49,"column":8},"end":{"line":51,"column":9}},{"start":{},"end":{}}],"line":49},"4":{"loc":{"start":{"line":86,"column":8},"end":{"line":88,"column":9}},"type":"if","locations":[{"start":{"line":86,"column":8},"end":{"line":88,"column":9}},{"start":{},"end":{}}],"line":86},"5":{"loc":{"start":{"line":130,"column":8},"end":{"line":132,"column":9}},"type":"if","locations":[{"start":{"line":130,"column":8},"end":{"line":132,"column":9}},{"start":{},"end":{}}],"line":130},"6":{"loc":{"start":{"line":135,"column":8},"end":{"line":137,"column":9}},"type":"if","locations":[{"start":{"line":135,"column":8},"end":{"line":137,"column":9}},{"start":{},"end":{}}],"line":135},"7":{"loc":{"start":{"line":173,"column":8},"end":{"line":175,"column":9}},"type":"if","locations":[{"start":{"line":173,"column":8},"end":{"line":175,"column":9}},{"start":{},"end":{}}],"line":173},"8":{"loc":{"start":{"line":213,"column":8},"end":{"line":215,"column":9}},"type":"if","locations":[{"start":{"line":213,"column":8},"end":{"line":215,"column":9}},{"start":{},"end":{}}],"line":213},"9":{"loc":{"start":{"line":244,"column":8},"end":{"line":246,"column":9}},"type":"if","locations":[{"start":{"line":244,"column":8},"end":{"line":246,"column":9}},{"start":{},"end":{}}],"line":244}},"s":{"0":1,"1":1,"2":1,"3":1,"4":1,"5":1,"6":1,"7":1,"8":1,"9":1,"10":1,"11":5,"12":5,"13":1,"14":4,"15":4,"16":3,"17":1,"18":2,"19":2,"20":1,"21":1,"22":1,"23":1,"24":1,"25":1,"26":1,"27":3,"28":3,"29":3,"30":2,"31":1,"32":1,"33":1,"34":1,"35":1,"36":1,"37":1,"38":1,"39":1,"40":1,"41":1,"42":4,"43":4,"44":4,"45":3,"46":1,"47":2,"48":1,"49":1,"50":1,"51":1,"52":1,"53":1,"54":1,"55":1,"56":3,"57":3,"58":3,"59":2,"60":2,"61":1,"62":1,"63":1,"64":1,"65":1,"66":1,"67":1,"68":1,"69":3,"70":3,"71":3,"72":2,"73":1,"74":1,"75":1,"76":1,"77":1,"78":1,"79":1,"80":3,"81":3,"82":3,"83":2,"84":2,"85":1,"86":1,"87":1,"88":1,"89":1,"90":1,"91":1,"92":2,"93":2,"94":2,"95":2,"96":1,"97":1},"f":{"0":5,"1":3,"2":4,"3":3,"4":1,"5":3,"6":3,"7":2},"b":{"0":[1,4],"1":[5,4],"2":[1,2],"3":[1,1],"4":[1,1],"5":[1,2],"6":[1,1],"7":[1,1],"8":[1,1],"9":[1,1]},"_coverageSchema":"1a1c01bbd47fc00a2c39e90264f33305004495a9","hash":"bfd527169a13640888a087afca53565655fcea78"}
,"E:\\Clouds\\express-postgresql-api\\controllers\\role.controller.js": {"path":"E:\\Clouds\\express-postgresql-api\\controllers\\role.controller.js","statementMap":{"0":{"start":{"line":9,"column":11},"end":{"line":9,"column":31}},"1":{"start":{"line":19,"column":0},"end":{"line":27,"column":2}},"2":{"start":{"line":20,"column":38},"end":{"line":20,"column":46}},"3":{"start":{"line":21,"column":4},"end":{"line":26,"column":5}},"4":{"start":{"line":22,"column":21},"end":{"line":22,"column":68}},"5":{"start":{"line":23,"column":8},"end":{"line":23,"column":35}},"6":{"start":{"line":25,"column":8},"end":{"line":25,"column":87}},"7":{"start":{"line":37,"column":0},"end":{"line":45,"column":2}},"8":{"start":{"line":38,"column":31},"end":{"line":38,"column":39}},"9":{"start":{"line":39,"column":4},"end":{"line":44,"column":5}},"10":{"start":{"line":40,"column":8},"end":{"line":40,"column":55}},"11":{"start":{"line":41,"column":8},"end":{"line":41,"column":72}},"12":{"start":{"line":43,"column":8},"end":{"line":43,"column":88}},"13":{"start":{"line":56,"column":0},"end":{"line":68,"column":2}},"14":{"start":{"line":57,"column":19},"end":{"line":57,"column":36}},"15":{"start":{"line":58,"column":4},"end":{"line":67,"column":5}},"16":{"start":{"line":59,"column":21},"end":{"line":59,"column":75}},"17":{"start":{"line":60,"column":8},"end":{"line":62,"column":9}},"18":{"start":{"line":61,"column":12},"end":{"line":61,"column":71}},"19":{"start":{"line":63,"column":26},"end":{"line":63,"column":64}},"20":{"start":{"line":63,"column":51},"end":{"line":63,"column":63}},"21":{"start":{"line":64,"column":8},"end":{"line":64,"column":40}},"22":{"start":{"line":66,"column":8},"end":{"line":66,"column":93}}},"fnMap":{"0":{"name":"(anonymous_0)","decl":{"start":{"line":19,"column":21},"end":{"line":19,"column":22}},"loc":{"start":{"line":19,"column":41},"end":{"line":27,"column":1}},"line":19},"1":{"name":"(anonymous_1)","decl":{"start":{"line":37,"column":27},"end":{"line":37,"column":28}},"loc":{"start":{"line":37,"column":47},"end":{"line":45,"column":1}},"line":37},"2":{"name":"(anonymous_2)","decl":{"start":{"line":56,"column":23},"end":{"line":56,"column":24}},"loc":{"start":{"line":56,"column":43},"end":{"line":68,"column":1}},"line":56},"3":{"name":"(anonymous_3)","decl":{"start":{"line":63,"column":42},"end":{"line":63,"column":43}},"loc":{"start":{"line":63,"column":51},"end":{"line":63,"column":63}},"line":63}},"branchMap":{"0":{"loc":{"start":{"line":60,"column":8},"end":{"line":62,"column":9}},"type":"if","locations":[{"start":{"line":60,"column":8},"end":{"line":62,"column":9}},{"start":{},"end":{}}],"line":60}},"s":{"0":1,"1":1,"2":2,"3":2,"4":2,"5":1,"6":1,"7":1,"8":2,"9":2,"10":2,"11":1,"12":1,"13":1,"14":3,"15":3,"16":3,"17":2,"18":1,"19":1,"20":2,"21":1,"22":1},"f":{"0":2,"1":2,"2":3,"3":2},"b":{"0":[1,1]},"_coverageSchema":"1a1c01bbd47fc00a2c39e90264f33305004495a9","hash":"ece422cb701b26a84511b4361fa0d65c3024deac"}
,"E:\\Clouds\\express-postgresql-api\\controllers\\user.controller.js": {"path":"E:\\Clouds\\express-postgresql-api\\controllers\\user.controller.js","statementMap":{"0":{"start":{"line":9,"column":11},"end":{"line":9,"column":31}},"1":{"start":{"line":10,"column":15},"end":{"line":10,"column":32}},"2":{"start":{"line":21,"column":0},"end":{"line":38,"column":2}},"3":{"start":{"line":22,"column":4},"end":{"line":37,"column":5}},"4":{"start":{"line":23,"column":23},"end":{"line":23,"column":34}},"5":{"start":{"line":24,"column":21},"end":{"line":24,"column":51}},"6":{"start":{"line":26,"column":8},"end":{"line":28,"column":9}},"7":{"start":{"line":27,"column":12},"end":{"line":27,"column":71}},"8":{"start":{"line":32,"column":42},"end":{"line":32,"column":55}},"9":{"start":{"line":34,"column":8},"end":{"line":34,"column":39}},"10":{"start":{"line":36,"column":8},"end":{"line":36,"column":89}},"11":{"start":{"line":51,"column":0},"end":{"line":81,"column":2}},"12":{"start":{"line":52,"column":4},"end":{"line":80,"column":5}},"13":{"start":{"line":53,"column":23},"end":{"line":53,"column":34}},"14":{"start":{"line":54,"column":55},"end":{"line":54,"column":63}},"15":{"start":{"line":57,"column":21},"end":{"line":57,"column":51}},"16":{"start":{"line":59,"column":8},"end":{"line":61,"column":9}},"17":{"start":{"line":60,"column":12},"end":{"line":60,"column":71}},"18":{"start":{"line":64,"column":8},"end":{"line":64,"column":50}},"19":{"start":{"line":65,"column":8},"end":{"line":65,"column":41}},"20":{"start":{"line":66,"column":8},"end":{"line":66,"column":38}},"21":{"start":{"line":67,"column":8},"end":{"line":67,"column":59}},"22":{"start":{"line":68,"column":8},"end":{"line":70,"column":9}},"23":{"start":{"line":69,"column":12},"end":{"line":69,"column":39}},"24":{"start":{"line":72,"column":8},"end":{"line":72,"column":26}},"25":{"start":{"line":76,"column":42},"end":{"line":76,"column":55}},"26":{"start":{"line":77,"column":8},"end":{"line":77,"column":39}},"27":{"start":{"line":79,"column":8},"end":{"line":79,"column":89}},"28":{"start":{"line":92,"column":0},"end":{"line":120,"column":2}},"29":{"start":{"line":93,"column":4},"end":{"line":119,"column":5}},"30":{"start":{"line":94,"column":23},"end":{"line":94,"column":34}},"31":{"start":{"line":95,"column":49},"end":{"line":95,"column":57}},"32":{"start":{"line":98,"column":21},"end":{"line":98,"column":51}},"33":{"start":{"line":99,"column":8},"end":{"line":101,"column":9}},"34":{"start":{"line":100,"column":12},"end":{"line":100,"column":71}},"35":{"start":{"line":104,"column":24},"end":{"line":104,"column":76}},"36":{"start":{"line":105,"column":8},"end":{"line":107,"column":9}},"37":{"start":{"line":106,"column":12},"end":{"line":106,"column":86}},"38":{"start":{"line":110,"column":31},"end":{"line":110,"column":65}},"39":{"start":{"line":111,"column":8},"end":{"line":111,"column":39}},"40":{"start":{"line":114,"column":8},"end":{"line":114,"column":26}},"41":{"start":{"line":116,"column":8},"end":{"line":116,"column":75}},"42":{"start":{"line":118,"column":8},"end":{"line":118,"column":89}}},"fnMap":{"0":{"name":"(anonymous_0)","decl":{"start":{"line":21,"column":18},"end":{"line":21,"column":19}},"loc":{"start":{"line":21,"column":38},"end":{"line":38,"column":1}},"line":21},"1":{"name":"(anonymous_1)","decl":{"start":{"line":51,"column":21},"end":{"line":51,"column":22}},"loc":{"start":{"line":51,"column":41},"end":{"line":81,"column":1}},"line":51},"2":{"name":"(anonymous_2)","decl":{"start":{"line":92,"column":25},"end":{"line":92,"column":26}},"loc":{"start":{"line":92,"column":45},"end":{"line":120,"column":1}},"line":92}},"branchMap":{"0":{"loc":{"start":{"line":26,"column":8},"end":{"line":28,"column":9}},"type":"if","locations":[{"start":{"line":26,"column":8},"end":{"line":28,"column":9}},{"start":{},"end":{}}],"line":26},"1":{"loc":{"start":{"line":59,"column":8},"end":{"line":61,"column":9}},"type":"if","locations":[{"start":{"line":59,"column":8},"end":{"line":61,"column":9}},{"start":{},"end":{}}],"line":59},"2":{"loc":{"start":{"line":64,"column":24},"end":{"line":64,"column":49}},"type":"binary-expr","locations":[{"start":{"line":64,"column":24},"end":{"line":64,"column":32}},{"start":{"line":64,"column":36},"end":{"line":64,"column":49}}],"line":64},"3":{"loc":{"start":{"line":65,"column":21},"end":{"line":65,"column":40}},"type":"binary-expr","locations":[{"start":{"line":65,"column":21},"end":{"line":65,"column":26}},{"start":{"line":65,"column":30},"end":{"line":65,"column":40}}],"line":65},"4":{"loc":{"start":{"line":66,"column":20},"end":{"line":66,"column":37}},"type":"binary-expr","locations":[{"start":{"line":66,"column":20},"end":{"line":66,"column":24}},{"start":{"line":66,"column":28},"end":{"line":66,"column":37}}],"line":66},"5":{"loc":{"start":{"line":67,"column":27},"end":{"line":67,"column":58}},"type":"binary-expr","locations":[{"start":{"line":67,"column":27},"end":{"line":67,"column":38}},{"start":{"line":67,"column":42},"end":{"line":67,"column":58}}],"line":67},"6":{"loc":{"start":{"line":68,"column":8},"end":{"line":70,"column":9}},"type":"if","locations":[{"start":{"line":68,"column":8},"end":{"line":70,"column":9}},{"start":{},"end":{}}],"line":68},"7":{"loc":{"start":{"line":99,"column":8},"end":{"line":101,"column":9}},"type":"if","locations":[{"start":{"line":99,"column":8},"end":{"line":101,"column":9}},{"start":{},"end":{}}],"line":99},"8":{"loc":{"start":{"line":105,"column":8},"end":{"line":107,"column":9}},"type":"if","locations":[{"start":{"line":105,"column":8},"end":{"line":107,"column":9}},{"start":{},"end":{}}],"line":105}},"s":{"0":1,"1":1,"2":1,"3":3,"4":3,"5":3,"6":2,"7":1,"8":1,"9":1,"10":1,"11":1,"12":4,"13":4,"14":4,"15":4,"16":3,"17":1,"18":2,"19":2,"20":2,"21":2,"22":2,"23":1,"24":2,"25":2,"26":2,"27":1,"28":1,"29":4,"30":4,"31":4,"32":4,"33":3,"34":1,"35":2,"36":2,"37":1,"38":1,"39":1,"40":1,"41":1,"42":1},"f":{"0":3,"1":4,"2":4},"b":{"0":[1,1],"1":[1,2],"2":[2,1],"3":[2,1],"4":[2,1],"5":[2,1],"6":[1,1],"7":[1,2],"8":[1,1]},"_coverageSchema":"1a1c01bbd47fc00a2c39e90264f33305004495a9","hash":"3afed6b0647ebd86539c105da56eca95ff9494da"}
,"E:\\Clouds\\express-postgresql-api\\middlewares\\index.js": {"path":"E:\\Clouds\\express-postgresql-api\\middlewares\\index.js","statementMap":{"0":{"start":{"line":14,"column":20},"end":{"line":14,"column":44}},"1":{"start":{"line":15,"column":15},"end":{"line":15,"column":34}},"2":{"start":{"line":16,"column":26},"end":{"line":16,"column":56}},"3":{"start":{"line":17,"column":31},"end":{"line":17,"column":66}},"4":{"start":{"line":28,"column":0},"end":{"line":33,"column":2}}},"fnMap":{},"branchMap":{},"s":{"0":1,"1":1,"2":1,"3":1,"4":1},"f":{},"b":{},"_coverageSchema":"1a1c01bbd47fc00a2c39e90264f33305004495a9","hash":"1797253f34b3289d41c90c4c7842ae8a78df390e"}
,"E:\\Clouds\\express-postgresql-api\\middlewares\\logger.js": {"path":"E:\\Clouds\\express-postgresql-api\\middlewares\\logger.js","statementMap":{"0":{"start":{"line":23,"column":11},"end":{"line":23,"column":31}},"1":{"start":{"line":37,"column":15},"end":{"line":62,"column":1}},"2":{"start":{"line":38,"column":18},"end":{"line":38,"column":28}},"3":{"start":{"line":39,"column":4},"end":{"line":59,"column":7}},"4":{"start":{"line":40,"column":25},"end":{"line":40,"column":43}},"5":{"start":{"line":41,"column":27},"end":{"line":41,"column":93}},"6":{"start":{"line":43,"column":21},"end":{"line":43,"column":25}},"7":{"start":{"line":44,"column":8},"end":{"line":48,"column":9}},"8":{"start":{"line":45,"column":12},"end":{"line":45,"column":33}},"9":{"start":{"line":47,"column":12},"end":{"line":47,"column":25}},"10":{"start":{"line":50,"column":8},"end":{"line":58,"column":9}},"11":{"start":{"line":51,"column":12},"end":{"line":55,"column":15}},"12":{"start":{"line":57,"column":12},"end":{"line":57,"column":59}},"13":{"start":{"line":61,"column":4},"end":{"line":61,"column":11}},"14":{"start":{"line":64,"column":0},"end":{"line":64,"column":24}}},"fnMap":{"0":{"name":"(anonymous_0)","decl":{"start":{"line":37,"column":15},"end":{"line":37,"column":16}},"loc":{"start":{"line":37,"column":41},"end":{"line":62,"column":1}},"line":37},"1":{"name":"(anonymous_1)","decl":{"start":{"line":39,"column":21},"end":{"line":39,"column":22}},"loc":{"start":{"line":39,"column":33},"end":{"line":59,"column":5}},"line":39}},"branchMap":{"0":{"loc":{"start":{"line":44,"column":8},"end":{"line":48,"column":9}},"type":"if","locations":[{"start":{"line":44,"column":8},"end":{"line":48,"column":9}},{"start":{"line":46,"column":15},"end":{"line":48,"column":9}}],"line":44}},"s":{"0":1,"1":1,"2":3,"3":3,"4":3,"5":3,"6":3,"7":3,"8":2,"9":1,"10":3,"11":3,"12":1,"13":3,"14":1},"f":{"0":3,"1":3},"b":{"0":[2,1]},"_coverageSchema":"1a1c01bbd47fc00a2c39e90264f33305004495a9","hash":"22eebcdd29f2d80e57b7cca483e6d661a211b0e0"}
,"E:\\Clouds\\express-postgresql-api\\middlewares\\roleAuthorization.js": {"path":"E:\\Clouds\\express-postgresql-api\\middlewares\\roleAuthorization.js","statementMap":{"0":{"start":{"line":36,"column":26},"end":{"line":51,"column":1}},"1":{"start":{"line":37,"column":4},"end":{"line":50,"column":6}},"2":{"start":{"line":39,"column":8},"end":{"line":41,"column":9}},"3":{"start":{"line":40,"column":12},"end":{"line":40,"column":70}},"4":{"start":{"line":42,"column":22},"end":{"line":42,"column":71}},"5":{"start":{"line":42,"column":45},"end":{"line":42,"column":70}},"6":{"start":{"line":44,"column":8},"end":{"line":46,"column":9}},"7":{"start":{"line":45,"column":12},"end":{"line":45,"column":92}},"8":{"start":{"line":49,"column":8},"end":{"line":49,"column":15}},"9":{"start":{"line":53,"column":0},"end":{"line":53,"column":35}}},"fnMap":{"0":{"name":"(anonymous_0)","decl":{"start":{"line":36,"column":26},"end":{"line":36,"column":27}},"loc":{"start":{"line":36,"column":44},"end":{"line":51,"column":1}},"line":36},"1":{"name":"(anonymous_1)","decl":{"start":{"line":37,"column":11},"end":{"line":37,"column":12}},"loc":{"start":{"line":37,"column":31},"end":{"line":50,"column":5}},"line":37},"2":{"name":"(anonymous_2)","decl":{"start":{"line":42,"column":40},"end":{"line":42,"column":41}},"loc":{"start":{"line":42,"column":45},"end":{"line":42,"column":70}},"line":42}},"branchMap":{"0":{"loc":{"start":{"line":39,"column":8},"end":{"line":41,"column":9}},"type":"if","locations":[{"start":{"line":39,"column":8},"end":{"line":41,"column":9}},{"start":{},"end":{}}],"line":39},"1":{"loc":{"start":{"line":39,"column":12},"end":{"line":39,"column":39}},"type":"binary-expr","locations":[{"start":{"line":39,"column":12},"end":{"line":39,"column":21}},{"start":{"line":39,"column":25},"end":{"line":39,"column":39}}],"line":39},"2":{"loc":{"start":{"line":44,"column":8},"end":{"line":46,"column":9}},"type":"if","locations":[{"start":{"line":44,"column":8},"end":{"line":46,"column":9}},{"start":{},"end":{}}],"line":44}},"s":{"0":1,"1":3,"2":3,"3":1,"4":2,"5":2,"6":2,"7":1,"8":1,"9":1},"f":{"0":3,"1":3,"2":2},"b":{"0":[1,2],"1":[3,3],"2":[1,1]},"_coverageSchema":"1a1c01bbd47fc00a2c39e90264f33305004495a9","hash":"cf5b140ced34596eaa0ddef8a2e5c2debdc05e33"}
,"E:\\Clouds\\express-postgresql-api\\middlewares\\validationErrorHandler.js": {"path":"E:\\Clouds\\express-postgresql-api\\middlewares\\validationErrorHandler.js","statementMap":{"0":{"start":{"line":34,"column":29},"end":{"line":34,"column":57}},"1":{"start":{"line":36,"column":31},"end":{"line":42,"column":1}},"2":{"start":{"line":37,"column":19},"end":{"line":37,"column":40}},"3":{"start":{"line":38,"column":4},"end":{"line":40,"column":5}},"4":{"start":{"line":39,"column":8},"end":{"line":39,"column":64}},"5":{"start":{"line":41,"column":4},"end":{"line":41,"column":11}},"6":{"start":{"line":44,"column":0},"end":{"line":44,"column":40}}},"fnMap":{"0":{"name":"(anonymous_0)","decl":{"start":{"line":36,"column":31},"end":{"line":36,"column":32}},"loc":{"start":{"line":36,"column":51},"end":{"line":42,"column":1}},"line":36}},"branchMap":{"0":{"loc":{"start":{"line":38,"column":4},"end":{"line":40,"column":5}},"type":"if","locations":[{"start":{"line":38,"column":4},"end":{"line":40,"column":5}},{"start":{},"end":{}}],"line":38}},"s":{"0":1,"1":1,"2":2,"3":2,"4":1,"5":1,"6":1},"f":{"0":2},"b":{"0":[1,1]},"_coverageSchema":"1a1c01bbd47fc00a2c39e90264f33305004495a9","hash":"553c0791a832386191a5a7543211c417e60608fd"}
,"E:\\Clouds\\express-postgresql-api\\middlewares\\verifyToken.js": {"path":"E:\\Clouds\\express-postgresql-api\\middlewares\\verifyToken.js","statementMap":{"0":{"start":{"line":32,"column":11},"end":{"line":32,"column":24}},"1":{"start":{"line":33,"column":13},"end":{"line":33,"column":28}},"2":{"start":{"line":34,"column":12},"end":{"line":34,"column":35}},"3":{"start":{"line":35,"column":19},"end":{"line":35,"column":52}},"4":{"start":{"line":36,"column":11},"end":{"line":36,"column":31}},"5":{"start":{"line":39,"column":22},"end":{"line":39,"column":60}},"6":{"start":{"line":40,"column":18},"end":{"line":40,"column":56}},"7":{"start":{"line":54,"column":20},"end":{"line":102,"column":1}},"8":{"start":{"line":56,"column":18},"end":{"line":56,"column":61}},"9":{"start":{"line":58,"column":4},"end":{"line":60,"column":5}},"10":{"start":{"line":59,"column":8},"end":{"line":59,"column":70}},"11":{"start":{"line":64,"column":4},"end":{"line":100,"column":7}},"12":{"start":{"line":65,"column":8},"end":{"line":67,"column":9}},"13":{"start":{"line":66,"column":12},"end":{"line":66,"column":70}},"14":{"start":{"line":70,"column":8},"end":{"line":72,"column":9}},"15":{"start":{"line":71,"column":12},"end":{"line":71,"column":99}},"16":{"start":{"line":73,"column":8},"end":{"line":99,"column":9}},"17":{"start":{"line":74,"column":37},"end":{"line":74,"column":83}},"18":{"start":{"line":75,"column":12},"end":{"line":77,"column":13}},"19":{"start":{"line":76,"column":16},"end":{"line":76,"column":81}},"20":{"start":{"line":80,"column":25},"end":{"line":80,"column":125}},"21":{"start":{"line":81,"column":12},"end":{"line":83,"column":13}},"22":{"start":{"line":82,"column":16},"end":{"line":82,"column":75}},"23":{"start":{"line":85,"column":26},"end":{"line":85,"column":64}},"24":{"start":{"line":85,"column":51},"end":{"line":85,"column":63}},"25":{"start":{"line":88,"column":12},"end":{"line":94,"column":14}},"26":{"start":{"line":96,"column":12},"end":{"line":96,"column":19}},"27":{"start":{"line":98,"column":12},"end":{"line":98,"column":97}},"28":{"start":{"line":104,"column":0},"end":{"line":104,"column":29}}},"fnMap":{"0":{"name":"(anonymous_0)","decl":{"start":{"line":54,"column":20},"end":{"line":54,"column":21}},"loc":{"start":{"line":54,"column":46},"end":{"line":102,"column":1}},"line":54},"1":{"name":"(anonymous_1)","decl":{"start":{"line":64,"column":60},"end":{"line":64,"column":61}},"loc":{"start":{"line":64,"column":84},"end":{"line":100,"column":5}},"line":64},"2":{"name":"(anonymous_2)","decl":{"start":{"line":85,"column":42},"end":{"line":85,"column":43}},"loc":{"start":{"line":85,"column":51},"end":{"line":85,"column":63}},"line":85}},"branchMap":{"0":{"loc":{"start":{"line":58,"column":4},"end":{"line":60,"column":5}},"type":"if","locations":[{"start":{"line":58,"column":4},"end":{"line":60,"column":5}},{"start":{},"end":{}}],"line":58},"1":{"loc":{"start":{"line":65,"column":8},"end":{"line":67,"column":9}},"type":"if","locations":[{"start":{"line":65,"column":8},"end":{"line":67,"column":9}},{"start":{},"end":{}}],"line":65},"2":{"loc":{"start":{"line":70,"column":8},"end":{"line":72,"column":9}},"type":"if","locations":[{"start":{"line":70,"column":8},"end":{"line":72,"column":9}},{"start":{},"end":{}}],"line":70},"3":{"loc":{"start":{"line":70,"column":12},"end":{"line":70,"column":44}},"type":"binary-expr","locations":[{"start":{"line":70,"column":12},"end":{"line":70,"column":23}},{"start":{"line":70,"column":27},"end":{"line":70,"column":44}}],"line":70},"4":{"loc":{"start":{"line":75,"column":12},"end":{"line":77,"column":13}},"type":"if","locations":[{"start":{"line":75,"column":12},"end":{"line":77,"column":13}},{"start":{},"end":{}}],"line":75},"5":{"loc":{"start":{"line":75,"column":16},"end":{"line":75,"column":68}},"type":"binary-expr","locations":[{"start":{"line":75,"column":16},"end":{"line":75,"column":33}},{"start":{"line":75,"column":37},"end":{"line":75,"column":68}}],"line":75},"6":{"loc":{"start":{"line":81,"column":12},"end":{"line":83,"column":13}},"type":"if","locations":[{"start":{"line":81,"column":12},"end":{"line":83,"column":13}},{"start":{},"end":{}}],"line":81}},"s":{"0":1,"1":1,"2":1,"3":1,"4":1,"5":1,"6":1,"7":1,"8":7,"9":7,"10":1,"11":6,"12":6,"13":1,"14":5,"15":1,"16":4,"17":4,"18":3,"19":1,"20":2,"21":2,"22":1,"23":1,"24":1,"25":1,"26":1,"27":1,"28":1},"f":{"0":7,"1":6,"2":1},"b":{"0":[1,6],"1":[1,5],"2":[1,4],"3":[5,4],"4":[1,2],"5":[3,3],"6":[1,1]},"_coverageSchema":"1a1c01bbd47fc00a2c39e90264f33305004495a9","hash":"df4a671d8e7bf2e682a50d7e3823155f4c13cfd1"}
,"E:\\Clouds\\express-postgresql-api\\models\\index.js": {"path":"E:\\Clouds\\express-postgresql-api\\models\\index.js","statementMap":{"0":{"start":{"line":24,"column":18},"end":{"line":24,"column":38}},"1":{"start":{"line":25,"column":18},"end":{"line":25,"column":56}},"2":{"start":{"line":26,"column":18},"end":{"line":29,"column":1}},"3":{"start":{"line":31,"column":11},"end":{"line":31,"column":13}},"4":{"start":{"line":33,"column":0},"end":{"line":33,"column":25}},"5":{"start":{"line":34,"column":0},"end":{"line":34,"column":25}},"6":{"start":{"line":37,"column":0},"end":{"line":37,"column":59}},"7":{"start":{"line":38,"column":0},"end":{"line":38,"column":65}},"8":{"start":{"line":39,"column":0},"end":{"line":39,"column":57}},"9":{"start":{"line":40,"column":0},"end":{"line":40,"column":59}},"10":{"start":{"line":41,"column":0},"end":{"line":41,"column":71}},"11":{"start":{"line":44,"column":0},"end":{"line":47,"column":3}},"12":{"start":{"line":49,"column":0},"end":{"line":52,"column":3}},"13":{"start":{"line":54,"column":0},"end":{"line":58,"column":3}},"14":{"start":{"line":60,"column":0},"end":{"line":64,"column":3}},"15":{"start":{"line":66,"column":0},"end":{"line":66,"column":20}}},"fnMap":{},"branchMap":{},"s":{"0":4,"1":4,"2":4,"3":4,"4":4,"5":4,"6":4,"7":4,"8":4,"9":4,"10":4,"11":4,"12":4,"13":4,"14":4,"15":4},"f":{},"b":{},"_coverageSchema":"1a1c01bbd47fc00a2c39e90264f33305004495a9","hash":"17acb565568c28e2252e5cf69abbd0b44d46397b"}
,"E:\\Clouds\\express-postgresql-api\\models\\log.model.js": {"path":"E:\\Clouds\\express-postgresql-api\\models\\log.model.js","statementMap":{"0":{"start":{"line":18,"column":0},"end":{"line":45,"column":2}},"1":{"start":{"line":19,"column":16},"end":{"line":42,"column":6}},"2":{"start":{"line":44,"column":4},"end":{"line":44,"column":15}}},"fnMap":{"0":{"name":"(anonymous_0)","decl":{"start":{"line":18,"column":17},"end":{"line":18,"column":18}},"loc":{"start":{"line":18,"column":43},"end":{"line":45,"column":1}},"line":18}},"branchMap":{},"s":{"0":4,"1":4,"2":4},"f":{"0":4},"b":{},"_coverageSchema":"1a1c01bbd47fc00a2c39e90264f33305004495a9","hash":"d1b20c1284ab9f9b9dccd7eed03488a1cfa563fa"}
,"E:\\Clouds\\express-postgresql-api\\models\\role.model.js": {"path":"E:\\Clouds\\express-postgresql-api\\models\\role.model.js","statementMap":{"0":{"start":{"line":15,"column":0},"end":{"line":30,"column":2}},"1":{"start":{"line":16,"column":17},"end":{"line":27,"column":6}},"2":{"start":{"line":29,"column":4},"end":{"line":29,"column":16}}},"fnMap":{"0":{"name":"(anonymous_0)","decl":{"start":{"line":15,"column":17},"end":{"line":15,"column":18}},"loc":{"start":{"line":15,"column":43},"end":{"line":30,"column":1}},"line":15}},"branchMap":{},"s":{"0":4,"1":4,"2":4},"f":{"0":4},"b":{},"_coverageSchema":"1a1c01bbd47fc00a2c39e90264f33305004495a9","hash":"7777bca6901aa95a4fb093232e7b6c5c4222730c"}
,"E:\\Clouds\\express-postgresql-api\\models\\session.model.js": {"path":"E:\\Clouds\\express-postgresql-api\\models\\session.model.js","statementMap":{"0":{"start":{"line":17,"column":0},"end":{"line":46,"column":2}},"1":{"start":{"line":18,"column":20},"end":{"line":43,"column":6}},"2":{"start":{"line":45,"column":4},"end":{"line":45,"column":19}}},"fnMap":{"0":{"name":"(anonymous_0)","decl":{"start":{"line":17,"column":17},"end":{"line":17,"column":18}},"loc":{"start":{"line":17,"column":43},"end":{"line":46,"column":1}},"line":17}},"branchMap":{},"s":{"0":4,"1":4,"2":4},"f":{"0":4},"b":{},"_coverageSchema":"1a1c01bbd47fc00a2c39e90264f33305004495a9","hash":"03a099f11418a52184660e358795783cdbae0d1a"}
,"E:\\Clouds\\express-postgresql-api\\models\\user.model.js": {"path":"E:\\Clouds\\express-postgresql-api\\models\\user.model.js","statementMap":{"0":{"start":{"line":20,"column":0},"end":{"line":57,"column":2}},"1":{"start":{"line":21,"column":17},"end":{"line":54,"column":6}},"2":{"start":{"line":56,"column":4},"end":{"line":56,"column":16}}},"fnMap":{"0":{"name":"(anonymous_0)","decl":{"start":{"line":20,"column":17},"end":{"line":20,"column":18}},"loc":{"start":{"line":20,"column":43},"end":{"line":57,"column":1}},"line":20}},"branchMap":{},"s":{"0":4,"1":4,"2":4},"f":{"0":4},"b":{},"_coverageSchema":"1a1c01bbd47fc00a2c39e90264f33305004495a9","hash":"c9dbe7bee7d1815ea681c77263e77c6e3d63a186"}
,"E:\\Clouds\\express-postgresql-api\\models\\user_roles.model.js": {"path":"E:\\Clouds\\express-postgresql-api\\models\\user_roles.model.js","statementMap":{"0":{"start":{"line":15,"column":0},"end":{"line":39,"column":2}},"1":{"start":{"line":16,"column":22},"end":{"line":36,"column":6}},"2":{"start":{"line":38,"column":4},"end":{"line":38,"column":21}}},"fnMap":{"0":{"name":"(anonymous_0)","decl":{"start":{"line":15,"column":17},"end":{"line":15,"column":18}},"loc":{"start":{"line":15,"column":43},"end":{"line":39,"column":1}},"line":15}},"branchMap":{},"s":{"0":4,"1":4,"2":4},"f":{"0":4},"b":{},"_coverageSchema":"1a1c01bbd47fc00a2c39e90264f33305004495a9","hash":"acb69e730e09d0d3e53d567ab61ab39c8bc8cd0c"}
,"E:\\Clouds\\express-postgresql-api\\utils\\emailService.js": {"path":"E:\\Clouds\\express-postgresql-api\\utils\\emailService.js","statementMap":{"0":{"start":{"line":27,"column":19},"end":{"line":27,"column":40}},"1":{"start":{"line":28,"column":20},"end":{"line":28,"column":52}},"2":{"start":{"line":41,"column":30},"end":{"line":66,"column":1}},"3":{"start":{"line":43,"column":24},"end":{"line":51,"column":6}},"4":{"start":{"line":53,"column":24},"end":{"line":58,"column":5}},"5":{"start":{"line":60,"column":4},"end":{"line":65,"column":5}},"6":{"start":{"line":61,"column":8},"end":{"line":61,"column":48}},"7":{"start":{"line":63,"column":8},"end":{"line":63,"column":66}},"8":{"start":{"line":64,"column":8},"end":{"line":64,"column":20}},"9":{"start":{"line":68,"column":0},"end":{"line":68,"column":39}}},"fnMap":{"0":{"name":"(anonymous_0)","decl":{"start":{"line":41,"column":30},"end":{"line":41,"column":31}},"loc":{"start":{"line":41,"column":53},"end":{"line":66,"column":1}},"line":41}},"branchMap":{},"s":{"0":2,"1":2,"2":2,"3":2,"4":2,"5":2,"6":2,"7":1,"8":1,"9":2},"f":{"0":2},"b":{},"_coverageSchema":"1a1c01bbd47fc00a2c39e90264f33305004495a9","hash":"da646450a5ac12242c95eae9b490d5ca4dbfe647"}
}
