TN:
SF:config\config.js
FNF:0
FNH:0
DA:13,1
DA:15,1
LF:2
LH:2
BRF:0
BRH:0
end_of_record
TN:
SF:config\database.config.js
FNF:0
FNH:0
DA:11,4
DA:13,4
LF:2
LH:2
BRF:0
BRH:0
end_of_record
TN:
SF:config\jwt.config.js
FNF:0
FNH:0
DA:13,2
DA:15,2
LF:2
LH:2
BRF:0
BRH:0
end_of_record
TN:
SF:config\mail.config.js
FNF:0
FNH:0
DA:14,2
DA:16,2
LF:2
LH:2
BRF:0
BRH:0
end_of_record
TN:
SF:controllers\auth.controller.js
FN:33,(anonymous_0)
FN:80,(anonymous_1)
FN:124,(anonymous_2)
FN:164,(anonymous_3)
FN:195,(anonymous_4)
FN:208,(anonymous_5)
FN:237,(anonymous_6)
FN:266,(anonymous_7)
FNF:8
FNH:8
FNDA:5,(anonymous_0)
FNDA:3,(anonymous_1)
FNDA:4,(anonymous_2)
FNDA:3,(anonymous_3)
FNDA:1,(anonymous_4)
FNDA:3,(anonymous_5)
FNDA:3,(anonymous_6)
FNDA:2,(anonymous_7)
DA:10,1
DA:11,1
DA:12,1
DA:13,1
DA:14,1
DA:15,1
DA:16,1
DA:17,1
DA:20,1
DA:21,1
DA:33,1
DA:34,5
DA:36,5
DA:37,1
DA:40,4
DA:42,4
DA:43,3
DA:44,1
DA:48,2
DA:49,2
DA:50,1
DA:54,1
DA:59,1
DA:64,1
DA:65,1
DA:67,1
DA:80,1
DA:81,3
DA:83,3
DA:85,3
DA:86,2
DA:87,1
DA:91,1
DA:94,1
DA:101,1
DA:102,1
DA:104,1
DA:105,1
DA:107,1
DA:109,1
DA:111,1
DA:124,1
DA:125,4
DA:127,4
DA:129,4
DA:130,3
DA:131,1
DA:135,2
DA:136,1
DA:138,1
DA:141,1
DA:144,1
DA:147,1
DA:149,1
DA:151,1
DA:164,1
DA:165,3
DA:167,3
DA:169,3
DA:172,2
DA:173,2
DA:174,1
DA:178,1
DA:179,1
DA:181,1
DA:183,1
DA:195,1
DA:196,1
DA:208,1
DA:209,3
DA:211,3
DA:212,3
DA:213,2
DA:214,1
DA:217,1
DA:219,1
DA:220,1
DA:222,1
DA:224,1
DA:237,1
DA:238,3
DA:240,3
DA:241,3
DA:243,2
DA:244,2
DA:245,1
DA:248,1
DA:249,1
DA:250,1
DA:252,1
DA:254,1
DA:266,1
DA:267,2
DA:268,2
DA:269,2
DA:270,2
DA:271,1
DA:273,1
LF:98
LH:98
BRDA:36,0,0,1
BRDA:36,0,1,4
BRDA:36,1,0,5
BRDA:36,1,1,4
BRDA:43,2,0,1
BRDA:43,2,1,2
BRDA:49,3,0,1
BRDA:49,3,1,1
BRDA:86,4,0,1
BRDA:86,4,1,1
BRDA:130,5,0,1
BRDA:130,5,1,2
BRDA:135,6,0,1
BRDA:135,6,1,1
BRDA:173,7,0,1
BRDA:173,7,1,1
BRDA:213,8,0,1
BRDA:213,8,1,1
BRDA:244,9,0,1
BRDA:244,9,1,1
BRF:20
BRH:20
end_of_record
TN:
SF:controllers\role.controller.js
FN:19,(anonymous_0)
FN:37,(anonymous_1)
FN:56,(anonymous_2)
FN:63,(anonymous_3)
FNF:4
FNH:4
FNDA:2,(anonymous_0)
FNDA:2,(anonymous_1)
FNDA:3,(anonymous_2)
FNDA:2,(anonymous_3)
DA:9,1
DA:19,1
DA:20,2
DA:21,2
DA:22,2
DA:23,1
DA:25,1
DA:37,1
DA:38,2
DA:39,2
DA:40,2
DA:41,1
DA:43,1
DA:56,1
DA:57,3
DA:58,3
DA:59,3
DA:60,2
DA:61,1
DA:63,2
DA:64,1
DA:66,1
LF:22
LH:22
BRDA:60,0,0,1
BRDA:60,0,1,1
BRF:2
BRH:2
end_of_record
TN:
SF:controllers\user.controller.js
FN:21,(anonymous_0)
FN:51,(anonymous_1)
FN:92,(anonymous_2)
FNF:3
FNH:3
FNDA:3,(anonymous_0)
FNDA:4,(anonymous_1)
FNDA:4,(anonymous_2)
DA:9,1
DA:10,1
DA:21,1
DA:22,3
DA:23,3
DA:24,3
DA:26,2
DA:27,1
DA:32,1
DA:34,1
DA:36,1
DA:51,1
DA:52,4
DA:53,4
DA:54,4
DA:57,4
DA:59,3
DA:60,1
DA:64,2
DA:65,2
DA:66,2
DA:67,2
DA:68,2
DA:69,1
DA:72,2
DA:76,2
DA:77,2
DA:79,1
DA:92,1
DA:93,4
DA:94,4
DA:95,4
DA:98,4
DA:99,3
DA:100,1
DA:104,2
DA:105,2
DA:106,1
DA:110,1
DA:111,1
DA:114,1
DA:116,1
DA:118,1
LF:43
LH:43
BRDA:26,0,0,1
BRDA:26,0,1,1
BRDA:59,1,0,1
BRDA:59,1,1,2
BRDA:64,2,0,2
BRDA:64,2,1,1
BRDA:65,3,0,2
BRDA:65,3,1,1
BRDA:66,4,0,2
BRDA:66,4,1,1
BRDA:67,5,0,2
BRDA:67,5,1,1
BRDA:68,6,0,1
BRDA:68,6,1,1
BRDA:99,7,0,1
BRDA:99,7,1,2
BRDA:105,8,0,1
BRDA:105,8,1,1
BRF:18
BRH:18
end_of_record
TN:
SF:middlewares\index.js
FNF:0
FNH:0
DA:14,1
DA:15,1
DA:16,1
DA:17,1
DA:28,1
LF:5
LH:5
BRF:0
BRH:0
end_of_record
TN:
SF:middlewares\logger.js
FN:37,(anonymous_0)
FN:39,(anonymous_1)
FNF:2
FNH:2
FNDA:3,(anonymous_0)
FNDA:3,(anonymous_1)
DA:23,1
DA:37,1
DA:38,3
DA:39,3
DA:40,3
DA:41,3
DA:43,3
DA:44,3
DA:45,2
DA:47,1
DA:50,3
DA:51,3
DA:57,1
DA:61,3
DA:64,1
LF:15
LH:15
BRDA:44,0,0,2
BRDA:44,0,1,1
BRF:2
BRH:2
end_of_record
TN:
SF:middlewares\roleAuthorization.js
FN:36,(anonymous_0)
FN:37,(anonymous_1)
FN:42,(anonymous_2)
FNF:3
FNH:3
FNDA:3,(anonymous_0)
FNDA:3,(anonymous_1)
FNDA:2,(anonymous_2)
DA:36,1
DA:37,3
DA:39,3
DA:40,1
DA:42,2
DA:44,2
DA:45,1
DA:49,1
DA:53,1
LF:9
LH:9
BRDA:39,0,0,1
BRDA:39,0,1,2
BRDA:39,1,0,3
BRDA:39,1,1,3
BRDA:44,2,0,1
BRDA:44,2,1,1
BRF:6
BRH:6
end_of_record
TN:
SF:middlewares\validationErrorHandler.js
FN:36,(anonymous_0)
FNF:1
FNH:1
FNDA:2,(anonymous_0)
DA:34,1
DA:36,1
DA:37,2
DA:38,2
DA:39,1
DA:41,1
DA:44,1
LF:7
LH:7
BRDA:38,0,0,1
BRDA:38,0,1,1
BRF:2
BRH:2
end_of_record
TN:
SF:middlewares\verifyToken.js
FN:54,(anonymous_0)
FN:64,(anonymous_1)
FN:85,(anonymous_2)
FNF:3
FNH:3
FNDA:7,(anonymous_0)
FNDA:6,(anonymous_1)
FNDA:1,(anonymous_2)
DA:32,1
DA:33,1
DA:34,1
DA:35,1
DA:36,1
DA:39,1
DA:40,1
DA:54,1
DA:56,7
DA:58,7
DA:59,1
DA:64,6
DA:65,6
DA:66,1
DA:70,5
DA:71,1
DA:73,4
DA:74,4
DA:75,3
DA:76,1
DA:80,2
DA:81,2
DA:82,1
DA:85,1
DA:88,1
DA:96,1
DA:98,1
DA:104,1
LF:28
LH:28
BRDA:58,0,0,1
BRDA:58,0,1,6
BRDA:65,1,0,1
BRDA:65,1,1,5
BRDA:70,2,0,1
BRDA:70,2,1,4
BRDA:70,3,0,5
BRDA:70,3,1,4
BRDA:75,4,0,1
BRDA:75,4,1,2
BRDA:75,5,0,3
BRDA:75,5,1,3
BRDA:81,6,0,1
BRDA:81,6,1,1
BRF:14
BRH:14
end_of_record
TN:
SF:models\index.js
FNF:0
FNH:0
DA:24,4
DA:25,4
DA:26,4
DA:31,4
DA:33,4
DA:34,4
DA:37,4
DA:38,4
DA:39,4
DA:40,4
DA:41,4
DA:44,4
DA:49,4
DA:54,4
DA:60,4
DA:66,4
LF:16
LH:16
BRF:0
BRH:0
end_of_record
TN:
SF:models\log.model.js
FN:18,(anonymous_0)
FNF:1
FNH:1
FNDA:4,(anonymous_0)
DA:18,4
DA:19,4
DA:44,4
LF:3
LH:3
BRF:0
BRH:0
end_of_record
TN:
SF:models\role.model.js
FN:15,(anonymous_0)
FNF:1
FNH:1
FNDA:4,(anonymous_0)
DA:15,4
DA:16,4
DA:29,4
LF:3
LH:3
BRF:0
BRH:0
end_of_record
TN:
SF:models\session.model.js
FN:17,(anonymous_0)
FNF:1
FNH:1
FNDA:4,(anonymous_0)
DA:17,4
DA:18,4
DA:45,4
LF:3
LH:3
BRF:0
BRH:0
end_of_record
TN:
SF:models\user.model.js
FN:20,(anonymous_0)
FNF:1
FNH:1
FNDA:4,(anonymous_0)
DA:20,4
DA:21,4
DA:56,4
LF:3
LH:3
BRF:0
BRH:0
end_of_record
TN:
SF:models\user_roles.model.js
FN:15,(anonymous_0)
FNF:1
FNH:1
FNDA:4,(anonymous_0)
DA:15,4
DA:16,4
DA:38,4
LF:3
LH:3
BRF:0
BRH:0
end_of_record
TN:
SF:utils\emailService.js
FN:41,(anonymous_0)
FNF:1
FNH:1
FNDA:2,(anonymous_0)
DA:27,2
DA:28,2
DA:41,2
DA:43,2
DA:53,2
DA:60,2
DA:61,2
DA:63,1
DA:64,1
DA:68,2
LF:10
LH:10
BRF:0
BRH:0
end_of_record
